* using log directory ‘/Volumes/HOME/github/treeio/treeio.Rcheck’
* using R version 3.4.2 (2017-09-28)
* using platform: x86_64-apple-darwin15.6.0 (64-bit)
* using session charset: UTF-8
* checking for file ‘treeio/DESCRIPTION’ ... OK
* this is package ‘treeio’ version ‘1.3.2’
* package encoding: UTF-8
* checking package namespace information ... OK
* checking package dependencies ... OK
* checking if this is a source package ... OK
* checking if there is a namespace ... OK
* checking for executable files ... OK
* checking for hidden files and directories ... OK
* checking for portable file names ... OK
* checking for sufficient/correct file permissions ... OK
* checking whether package ‘treeio’ can be installed ... OK
* checking installed package size ... OK
* checking package directory ... OK
* checking DESCRIPTION meta-information ... OK
* checking top-level files ... OK
* checking for left-over files ... OK
* checking index information ... OK
* checking package subdirectories ... OK
* checking R files for non-ASCII characters ... OK
* checking R files for syntax errors ... OK
* checking whether the package can be loaded ... OK
* checking whether the package can be loaded with stated dependencies ... OK
* checking whether the package can be unloaded cleanly ... OK
* checking whether the namespace can be loaded with stated dependencies ... OK
* checking whether the namespace can be unloaded cleanly ... OK
* checking loading without being on the library search path ... OK
* checking dependencies in R code ... OK
* checking S3 generic/method consistency ... OK
* checking replacement functions ... OK
* checking foreign function calls ... OK
* checking R code for possible problems ... NOTE
mask: no visible binding for global variable ‘.add_new_line’
read.hyphy: no visible binding for global variable ‘x’
read.hyphy: no visible global function definition for ‘read.FASTA’
set_substitution: no visible global function definition for ‘rename_’
set_substitution: no visible global function definition for ‘select_’
Undefined global functions or variables:
  .add_new_line read.FASTA rename_ select_ x
* checking Rd files ... OK
* checking Rd metadata ... OK
* checking Rd cross-references ... OK
* checking for missing documentation entries ... OK
* checking for code/documentation mismatches ... OK
* checking Rd \usage sections ... OK
* checking Rd contents ... OK
* checking for unstated dependencies in examples ... OK
* checking files in ‘vignettes’ ... WARNING
Files in the 'vignettes' directory but no files in 'inst/doc':
  ‘nature.csl’, ‘treeio.bib’, ‘treeio.Rmd’
* checking examples ... ERROR
Running examples in ‘treeio-Ex.R’ failed
The error most likely occurred in:

> ### Name: read.baseml
> ### Title: read.baseml
> ### Aliases: read.baseml
> 
> ### ** Examples
> 
> rstfile <- system.file("extdata/PAML_Baseml", "rst", package="treeio")
> mlbfile <- system.file("extdata/PAML_Baseml", "mlb", package="treeio")
> read.baseml(rstfile, mlbfile)
Error in get.subs_(x@phylo, seqs, translate = translate, ...) : 
  trying to get slot "phylo" from an object (class "phylo") that is not an S4 object 
Calls: read.baseml ... read.paml_rst -> set.paml_rst_ -> subs_paml_rst -> get.subs_
Execution halted
* checking for unstated dependencies in ‘tests’ ... OK
* checking tests ... OK
  Running ‘testthat.R’
* checking for unstated dependencies in vignettes ... OK
* checking package vignettes in ‘inst/doc’ ... WARNING
Package vignette without corresponding PDF/HTML:
   ‘treeio.Rmd’

* checking running R code from vignettes ... NONE
* checking re-building of vignette outputs ... WARNING
Error in re-building vignettes:
  ...
Attaching package: 'Biostrings'

The following object is masked from 'package:ape':

    complement

The following object is masked from 'package:base':

    strsplit


Attaching package: 'treeio'

The following object is masked from 'package:Biostrings':

    mask

The following objects are masked from 'package:ape':

    drop.tip, Nnode, Ntip

Quitting from lines 168-171 (treeio.Rmd) 
Error: processing vignette 'treeio.Rmd' failed with diagnostics:
trying to get slot "phylo" from an object (class "phylo") that is not an S4 object 
Execution halted

* checking PDF version of manual ... OK
* DONE
Status: 1 ERROR, 3 WARNINGs, 1 NOTE
