Loading required package: BiocGenerics
Loading required package: parallel

Attaching package: 'BiocGenerics'

The following objects are masked from 'package:parallel':

    clusterApply, clusterApplyLB, clusterCall, clusterEvalQ,
    clusterExport, clusterMap, parApply, parCapply, parLapply,
    parLapplyLB, parRapply, parSapply, parSapplyLB

The following objects are masked from 'package:stats':

    IQR, mad, sd, var, xtabs

The following objects are masked from 'package:base':

    anyDuplicated, append, as.data.frame, cbind, colMeans,
    colnames, colSums, do.call, duplicated, eval, evalq, Filter,
    Find, get, grep, grepl, intersect, is.unsorted, lapply,
    lengths, Map, mapply, match, mget, order, paste, pmax,
    pmax.int, pmin, pmin.int, Position, rank, rbind, Reduce,
    rowMeans, rownames, rowSums, sapply, setdiff, sort, table,
    tapply, union, unique, unsplit, which, which.max, which.min

Loading required package: S4Vectors
Loading required package: stats4

Attaching package: 'S4Vectors'

The following object is masked from 'package:base':

    expand.grid

Loading required package: IRanges
Loading required package: XVector

Attaching package: 'Biostrings'

The following object is masked from 'package:ape':

    complement

The following object is masked from 'package:base':

    strsplit


Attaching package: 'treeio'

The following object is masked from 'package:Biostrings':

    mask

The following objects are masked from 'package:ape':

    drop.tip, Nnode, Ntip

Quitting from lines 168-171 (treeio.Rmd) 
Error: processing vignette 'treeio.Rmd' failed with diagnostics:
trying to get slot "phylo" from an object (class "phylo") that is not an S4 object 
Execution halted
