Hmm ... looks like a package

This is pdfTeX, Version 3.14159265-2.6-1.40.18 (TeX Live 2017) (preloaded format=pdflatex)
 restricted \write18 enabled.
entering extended mode
LaTeX2e <2017-04-15>
Babel <3.10> and hyphenation patterns for 84 language(s) loaded.
(./Rd2.tex
(/usr/local/texlive/2017/texmf-dist/tex/latex/base/book.cls
Document Class: book 2014/09/29 v1.4h Standard LaTeX document class
(/usr/local/texlive/2017/texmf-dist/tex/latex/base/bk10.clo))
(/Library/Frameworks/R.framework/Resources/share/texmf/tex/latex/Rd.sty
(/usr/local/texlive/2017/texmf-dist/tex/latex/base/ifthen.sty)
(/usr/local/texlive/2017/texmf-dist/tex/latex/tools/longtable.sty)
(/usr/local/texlive/2017/texmf-dist/tex/latex/tools/bm.sty)
(/usr/local/texlive/2017/texmf-dist/tex/latex/base/alltt.sty)
(/usr/local/texlive/2017/texmf-dist/tex/latex/tools/verbatim.sty)
(/usr/local/texlive/2017/texmf-dist/tex/latex/url/url.sty)
(/usr/local/texlive/2017/texmf-dist/tex/latex/base/textcomp.sty
(/usr/local/texlive/2017/texmf-dist/tex/latex/base/ts1enc.def))
(/usr/local/texlive/2017/texmf-dist/tex/latex/base/fontenc.sty
(/usr/local/texlive/2017/texmf-dist/tex/latex/base/t1enc.def))
(/usr/local/texlive/2017/texmf-dist/tex/latex/psnfss/times.sty)
(/usr/local/texlive/2017/texmf-dist/tex/latex/inconsolata/zi4.sty
`inconsolata-zi4' v1.112, 2017/01/04 Text macros for Inconsolata (msharpe)
(/usr/local/texlive/2017/texmf-dist/tex/latex/xkeyval/xkeyval.sty
(/usr/local/texlive/2017/texmf-dist/tex/generic/xkeyval/xkeyval.tex
(/usr/local/texlive/2017/texmf-dist/tex/generic/xkeyval/xkvutils.tex
(/usr/local/texlive/2017/texmf-dist/tex/generic/xkeyval/keyval.tex)))))
(/usr/local/texlive/2017/texmf-dist/tex/latex/graphics/color.sty
(/usr/local/texlive/2017/texmf-dist/tex/latex/graphics-cfg/color.cfg)
(/usr/local/texlive/2017/texmf-dist/tex/latex/graphics-def/pdftex.def
(/usr/local/texlive/2017/texmf-dist/tex/generic/oberdiek/infwarerr.sty)
(/usr/local/texlive/2017/texmf-dist/tex/generic/oberdiek/ltxcmds.sty)))
(/usr/local/texlive/2017/texmf-dist/tex/latex/hyperref/hyperref.sty
(/usr/local/texlive/2017/texmf-dist/tex/generic/oberdiek/hobsub-hyperref.sty
(/usr/local/texlive/2017/texmf-dist/tex/generic/oberdiek/hobsub-generic.sty))
(/usr/local/texlive/2017/texmf-dist/tex/generic/ifxetex/ifxetex.sty)
(/usr/local/texlive/2017/texmf-dist/tex/latex/oberdiek/auxhook.sty)
(/usr/local/texlive/2017/texmf-dist/tex/latex/oberdiek/kvoptions.sty)
(/usr/local/texlive/2017/texmf-dist/tex/latex/hyperref/pd1enc.def)
(/usr/local/texlive/2017/texmf-dist/tex/latex/latexconfig/hyperref.cfg))

Package hyperref Message: Driver (autodetected): hpdftex.

(/usr/local/texlive/2017/texmf-dist/tex/latex/hyperref/hpdftex.def
(/usr/local/texlive/2017/texmf-dist/tex/latex/oberdiek/rerunfilecheck.sty))

Package hyperref Warning: Option `hyperindex' has already been used,
(hyperref)                setting the option has no effect on input line 366.


Package hyperref Warning: Option `pagebackref' has already been used,
(hyperref)                setting the option has no effect on input line 366.

) (/usr/local/texlive/2017/texmf-dist/tex/latex/base/makeidx.sty)
(/usr/local/texlive/2017/texmf-dist/tex/latex/base/inputenc.sty
(/usr/local/texlive/2017/texmf-dist/tex/latex/base/utf8.def
(/usr/local/texlive/2017/texmf-dist/tex/latex/base/t1enc.dfu)
(/usr/local/texlive/2017/texmf-dist/tex/latex/base/ot1enc.dfu)
(/usr/local/texlive/2017/texmf-dist/tex/latex/base/omsenc.dfu)
(/usr/local/texlive/2017/texmf-dist/tex/latex/base/ts1enc.dfu)))
Writing index file Rd2.idx
No file Rd2.aux.
(/usr/local/texlive/2017/texmf-dist/tex/latex/base/ts1cmr.fd)
(/usr/local/texlive/2017/texmf-dist/tex/latex/psnfss/t1ptm.fd)
(/usr/local/texlive/2017/texmf-dist/tex/context/base/mkii/supp-pdf.mkii
[Loading MPS to PDF converter (version 2006.09.02).]
) (/usr/local/texlive/2017/texmf-dist/tex/latex/hyperref/nameref.sty
(/usr/local/texlive/2017/texmf-dist/tex/generic/oberdiek/gettitlestring.sty))
(/usr/local/texlive/2017/texmf-dist/tex/latex/base/utf8.def)
(/usr/local/texlive/2017/texmf-dist/tex/latex/inconsolata/t1zi4.fd)
(/usr/local/texlive/2017/texmf-dist/tex/latex/psnfss/t1phv.fd)
(/usr/local/texlive/2017/texmf-dist/tex/latex/base/utf8.def) [1{/usr/local/texl
ive/2017/texmf-var/fonts/map/pdftex/updmap/pdftex.map}]
(/usr/local/texlive/2017/texmf-dist/tex/latex/inconsolata/ts1zi4.fd)
(/usr/local/texlive/2017/texmf-dist/tex/latex/base/utf8.def)
(/usr/local/texlive/2017/texmf-dist/tex/latex/base/utf8.def) [2]
(/usr/local/texlive/2017/texmf-dist/tex/latex/base/utf8.def) [3]
(/usr/local/texlive/2017/texmf-dist/tex/latex/base/utf8.def) [4]
(/usr/local/texlive/2017/texmf-dist/tex/latex/base/utf8.def)
(/usr/local/texlive/2017/texmf-dist/tex/latex/base/utf8.def) [5]
(/usr/local/texlive/2017/texmf-dist/tex/latex/base/utf8.def)
(/usr/local/texlive/2017/texmf-dist/tex/latex/base/utf8.def) [6]
(/usr/local/texlive/2017/texmf-dist/tex/latex/base/utf8.def) [7]
(/usr/local/texlive/2017/texmf-dist/tex/latex/base/utf8.def)
(/usr/local/texlive/2017/texmf-dist/tex/latex/base/utf8.def) [8]
(/usr/local/texlive/2017/texmf-dist/tex/latex/base/utf8.def)
Overfull \hbox (2.05765pt too wide) in paragraph at lines 524--526
[]\T1/ptm/m/n/10 supported ob-jects, in-clud-ing phylo, paml_rst, codeml_mlc, c
odeml, jplace, beast,
[9] (/usr/local/texlive/2017/texmf-dist/tex/latex/base/utf8.def)
Overfull \hbox (2.05765pt too wide) in paragraph at lines 581--583
[]\T1/ptm/m/n/10 supported ob-jects, in-clud-ing phylo, paml_rst, codeml_mlc, c
odeml, jplace, beast,
[10] (/usr/local/texlive/2017/texmf-dist/tex/latex/base/utf8.def)
(/usr/local/texlive/2017/texmf-dist/tex/latex/base/utf8.def) [11]
(/usr/local/texlive/2017/texmf-dist/tex/latex/base/utf8.def)
(/usr/local/texlive/2017/texmf-dist/tex/latex/base/utf8.def) [12]
(/usr/local/texlive/2017/texmf-dist/tex/latex/base/utf8.def)
(/usr/local/texlive/2017/texmf-dist/tex/latex/base/utf8.def) [13]
(/usr/local/texlive/2017/texmf-dist/tex/latex/base/utf8.def)
(/usr/local/texlive/2017/texmf-dist/tex/latex/base/utf8.def) [14]
(/usr/local/texlive/2017/texmf-dist/tex/latex/base/utf8.def)
(/usr/local/texlive/2017/texmf-dist/tex/latex/base/utf8.def) [15]
(/usr/local/texlive/2017/texmf-dist/tex/latex/base/utf8.def)
(/usr/local/texlive/2017/texmf-dist/tex/latex/base/utf8.def) [16]
(/usr/local/texlive/2017/texmf-dist/tex/latex/base/utf8.def)
(/usr/local/texlive/2017/texmf-dist/tex/latex/base/utf8.def) [17]
(/usr/local/texlive/2017/texmf-dist/tex/latex/base/utf8.def)
(/usr/local/texlive/2017/texmf-dist/tex/latex/base/utf8.def) [18]
(/usr/local/texlive/2017/texmf-dist/tex/latex/base/utf8.def) [19]
(/usr/local/texlive/2017/texmf-dist/tex/latex/base/utf8.def)
(/usr/local/texlive/2017/texmf-dist/tex/latex/base/utf8.def) [20]
(/usr/local/texlive/2017/texmf-dist/tex/latex/base/utf8.def) [21]
(/usr/local/texlive/2017/texmf-dist/tex/latex/base/utf8.def)
(/usr/local/texlive/2017/texmf-dist/tex/latex/base/utf8.def) [22]
(/usr/local/texlive/2017/texmf-dist/tex/latex/base/utf8.def)
(/usr/local/texlive/2017/texmf-dist/tex/latex/base/utf8.def) [23]
(/usr/local/texlive/2017/texmf-dist/tex/latex/base/utf8.def) [24]
(/usr/local/texlive/2017/texmf-dist/tex/latex/base/utf8.def)
(/usr/local/texlive/2017/texmf-dist/tex/latex/base/utf8.def) [25]
(/usr/local/texlive/2017/texmf-dist/tex/latex/base/utf8.def)
(/usr/local/texlive/2017/texmf-dist/tex/latex/base/utf8.def) [26]
Overfull \hbox (35.26862pt too wide) in paragraph at lines 1559--1559
 []\T1/zi4/m/n/9 raxml_file <- system.file("extdata/RAxML", "RAxML_bipartitions
BranchLabels.H3", package="treeio")[] 
(/usr/local/texlive/2017/texmf-dist/tex/latex/base/utf8.def)
(/usr/local/texlive/2017/texmf-dist/tex/latex/base/utf8.def) [27]
(/usr/local/texlive/2017/texmf-dist/tex/latex/base/utf8.def)
(/usr/local/texlive/2017/texmf-dist/tex/latex/base/utf8.def) [28]
No file Rd2.ind.
[29] (./Rd2.aux)

Package rerunfilecheck Warning: File `Rd2.out' has changed.
(rerunfilecheck)                Rerun to get outlines right
(rerunfilecheck)                or use package `bookmark'.

 )
(see the transcript file for additional information){/usr/local/texlive/2017/te
xmf-dist/fonts/enc/dvips/inconsolata/i4-ts1.enc}{/usr/local/texlive/2017/texmf-
dist/fonts/enc/dvips/base/8r.enc}{/usr/local/texlive/2017/texmf-dist/fonts/enc/
dvips/inconsolata/i4-t1-0.enc}</usr/local/texlive/2017/texmf-dist/fonts/type1/p
ublic/inconsolata/Inconsolata-zi4r.pfb></usr/local/texlive/2017/texmf-dist/font
s/type1/urw/helvetic/uhvr8a.pfb></usr/local/texlive/2017/texmf-dist/fonts/type1
/urw/times/utmb8a.pfb></usr/local/texlive/2017/texmf-dist/fonts/type1/urw/times
/utmr8a.pfb></usr/local/texlive/2017/texmf-dist/fonts/type1/urw/times/utmr8a.pf
b></usr/local/texlive/2017/texmf-dist/fonts/type1/urw/times/utmri8a.pfb>
Output written on Rd2.pdf (29 pages, 122165 bytes).
Transcript written on Rd2.log.
This is makeindex, version 2.15 [TeX Live 2017] (kpathsea + Thai support).
Scanning input file Rd2.idx....done (105 entries accepted, 0 rejected).
Sorting entries....done (729 comparisons).
Generating output file Rd2.ind....done (193 lines written, 0 warnings).
Output written in Rd2.ind.
Transcript written in Rd2.ilg.
This is pdfTeX, Version 3.14159265-2.6-1.40.18 (TeX Live 2017) (preloaded format=pdflatex)
 restricted \write18 enabled.
entering extended mode
LaTeX2e <2017-04-15>
Babel <3.10> and hyphenation patterns for 84 language(s) loaded.
(./Rd2.tex
(/usr/local/texlive/2017/texmf-dist/tex/latex/base/book.cls
Document Class: book 2014/09/29 v1.4h Standard LaTeX document class
(/usr/local/texlive/2017/texmf-dist/tex/latex/base/bk10.clo))
(/Library/Frameworks/R.framework/Resources/share/texmf/tex/latex/Rd.sty
(/usr/local/texlive/2017/texmf-dist/tex/latex/base/ifthen.sty)
(/usr/local/texlive/2017/texmf-dist/tex/latex/tools/longtable.sty)
(/usr/local/texlive/2017/texmf-dist/tex/latex/tools/bm.sty)
(/usr/local/texlive/2017/texmf-dist/tex/latex/base/alltt.sty)
(/usr/local/texlive/2017/texmf-dist/tex/latex/tools/verbatim.sty)
(/usr/local/texlive/2017/texmf-dist/tex/latex/url/url.sty)
(/usr/local/texlive/2017/texmf-dist/tex/latex/base/textcomp.sty
(/usr/local/texlive/2017/texmf-dist/tex/latex/base/ts1enc.def))
(/usr/local/texlive/2017/texmf-dist/tex/latex/base/fontenc.sty
(/usr/local/texlive/2017/texmf-dist/tex/latex/base/t1enc.def))
(/usr/local/texlive/2017/texmf-dist/tex/latex/psnfss/times.sty)
(/usr/local/texlive/2017/texmf-dist/tex/latex/inconsolata/zi4.sty
`inconsolata-zi4' v1.112, 2017/01/04 Text macros for Inconsolata (msharpe)
(/usr/local/texlive/2017/texmf-dist/tex/latex/xkeyval/xkeyval.sty
(/usr/local/texlive/2017/texmf-dist/tex/generic/xkeyval/xkeyval.tex
(/usr/local/texlive/2017/texmf-dist/tex/generic/xkeyval/xkvutils.tex
(/usr/local/texlive/2017/texmf-dist/tex/generic/xkeyval/keyval.tex)))))
(/usr/local/texlive/2017/texmf-dist/tex/latex/graphics/color.sty
(/usr/local/texlive/2017/texmf-dist/tex/latex/graphics-cfg/color.cfg)
(/usr/local/texlive/2017/texmf-dist/tex/latex/graphics-def/pdftex.def
(/usr/local/texlive/2017/texmf-dist/tex/generic/oberdiek/infwarerr.sty)
(/usr/local/texlive/2017/texmf-dist/tex/generic/oberdiek/ltxcmds.sty)))
(/usr/local/texlive/2017/texmf-dist/tex/latex/hyperref/hyperref.sty
(/usr/local/texlive/2017/texmf-dist/tex/generic/oberdiek/hobsub-hyperref.sty
(/usr/local/texlive/2017/texmf-dist/tex/generic/oberdiek/hobsub-generic.sty))
(/usr/local/texlive/2017/texmf-dist/tex/generic/ifxetex/ifxetex.sty)
(/usr/local/texlive/2017/texmf-dist/tex/latex/oberdiek/auxhook.sty)
(/usr/local/texlive/2017/texmf-dist/tex/latex/oberdiek/kvoptions.sty)
(/usr/local/texlive/2017/texmf-dist/tex/latex/hyperref/pd1enc.def)
(/usr/local/texlive/2017/texmf-dist/tex/latex/latexconfig/hyperref.cfg))

Package hyperref Message: Driver (autodetected): hpdftex.

(/usr/local/texlive/2017/texmf-dist/tex/latex/hyperref/hpdftex.def
(/usr/local/texlive/2017/texmf-dist/tex/latex/oberdiek/rerunfilecheck.sty))

Package hyperref Warning: Option `hyperindex' has already been used,
(hyperref)                setting the option has no effect on input line 366.


Package hyperref Warning: Option `pagebackref' has already been used,
(hyperref)                setting the option has no effect on input line 366.

) (/usr/local/texlive/2017/texmf-dist/tex/latex/base/makeidx.sty)
(/usr/local/texlive/2017/texmf-dist/tex/latex/base/inputenc.sty
(/usr/local/texlive/2017/texmf-dist/tex/latex/base/utf8.def
(/usr/local/texlive/2017/texmf-dist/tex/latex/base/t1enc.dfu)
(/usr/local/texlive/2017/texmf-dist/tex/latex/base/ot1enc.dfu)
(/usr/local/texlive/2017/texmf-dist/tex/latex/base/omsenc.dfu)
(/usr/local/texlive/2017/texmf-dist/tex/latex/base/ts1enc.dfu)))
Writing index file Rd2.idx
(./Rd2.aux) (/usr/local/texlive/2017/texmf-dist/tex/latex/base/ts1cmr.fd)
(/usr/local/texlive/2017/texmf-dist/tex/latex/psnfss/t1ptm.fd)
(/usr/local/texlive/2017/texmf-dist/tex/context/base/mkii/supp-pdf.mkii
[Loading MPS to PDF converter (version 2006.09.02).]
) (/usr/local/texlive/2017/texmf-dist/tex/latex/hyperref/nameref.sty
(/usr/local/texlive/2017/texmf-dist/tex/generic/oberdiek/gettitlestring.sty))
(./Rd2.out) (./Rd2.out)
(/usr/local/texlive/2017/texmf-dist/tex/latex/base/utf8.def)
(/usr/local/texlive/2017/texmf-dist/tex/latex/inconsolata/t1zi4.fd)
(/usr/local/texlive/2017/texmf-dist/tex/latex/psnfss/t1phv.fd) (./Rd2.toc
[1{/usr/local/texlive/2017/texmf-var/fonts/map/pdftex/updmap/pdftex.map}])
(/usr/local/texlive/2017/texmf-dist/tex/latex/base/utf8.def)
(/usr/local/texlive/2017/texmf-dist/tex/latex/inconsolata/ts1zi4.fd) [2]
(/usr/local/texlive/2017/texmf-dist/tex/latex/base/utf8.def)
(/usr/local/texlive/2017/texmf-dist/tex/latex/base/utf8.def) [3]
(/usr/local/texlive/2017/texmf-dist/tex/latex/base/utf8.def) [4]
(/usr/local/texlive/2017/texmf-dist/tex/latex/base/utf8.def) [5]
(/usr/local/texlive/2017/texmf-dist/tex/latex/base/utf8.def)
(/usr/local/texlive/2017/texmf-dist/tex/latex/base/utf8.def) [6]
(/usr/local/texlive/2017/texmf-dist/tex/latex/base/utf8.def)
(/usr/local/texlive/2017/texmf-dist/tex/latex/base/utf8.def) [7]
(/usr/local/texlive/2017/texmf-dist/tex/latex/base/utf8.def) [8]
(/usr/local/texlive/2017/texmf-dist/tex/latex/base/utf8.def)
(/usr/local/texlive/2017/texmf-dist/tex/latex/base/utf8.def) [9]
(/usr/local/texlive/2017/texmf-dist/tex/latex/base/utf8.def)
Overfull \hbox (2.05765pt too wide) in paragraph at lines 524--526
[]\T1/ptm/m/n/10 supported ob-jects, in-clud-ing phylo, paml_rst, codeml_mlc, c
odeml, jplace, beast,
[10] (/usr/local/texlive/2017/texmf-dist/tex/latex/base/utf8.def)
Overfull \hbox (2.05765pt too wide) in paragraph at lines 581--583
[]\T1/ptm/m/n/10 supported ob-jects, in-clud-ing phylo, paml_rst, codeml_mlc, c
odeml, jplace, beast,
[11] (/usr/local/texlive/2017/texmf-dist/tex/latex/base/utf8.def)
(/usr/local/texlive/2017/texmf-dist/tex/latex/base/utf8.def) [12]
(/usr/local/texlive/2017/texmf-dist/tex/latex/base/utf8.def)
(/usr/local/texlive/2017/texmf-dist/tex/latex/base/utf8.def) [13]
(/usr/local/texlive/2017/texmf-dist/tex/latex/base/utf8.def)
(/usr/local/texlive/2017/texmf-dist/tex/latex/base/utf8.def) [14]
(/usr/local/texlive/2017/texmf-dist/tex/latex/base/utf8.def)
(/usr/local/texlive/2017/texmf-dist/tex/latex/base/utf8.def) [15]
(/usr/local/texlive/2017/texmf-dist/tex/latex/base/utf8.def)
(/usr/local/texlive/2017/texmf-dist/tex/latex/base/utf8.def) [16]
(/usr/local/texlive/2017/texmf-dist/tex/latex/base/utf8.def)
(/usr/local/texlive/2017/texmf-dist/tex/latex/base/utf8.def) [17]
(/usr/local/texlive/2017/texmf-dist/tex/latex/base/utf8.def)
(/usr/local/texlive/2017/texmf-dist/tex/latex/base/utf8.def) [18]
(/usr/local/texlive/2017/texmf-dist/tex/latex/base/utf8.def)
(/usr/local/texlive/2017/texmf-dist/tex/latex/base/utf8.def) [19]
(/usr/local/texlive/2017/texmf-dist/tex/latex/base/utf8.def) [20]
(/usr/local/texlive/2017/texmf-dist/tex/latex/base/utf8.def)
(/usr/local/texlive/2017/texmf-dist/tex/latex/base/utf8.def) [21]
(/usr/local/texlive/2017/texmf-dist/tex/latex/base/utf8.def) [22]
(/usr/local/texlive/2017/texmf-dist/tex/latex/base/utf8.def)
(/usr/local/texlive/2017/texmf-dist/tex/latex/base/utf8.def) [23]
(/usr/local/texlive/2017/texmf-dist/tex/latex/base/utf8.def)
(/usr/local/texlive/2017/texmf-dist/tex/latex/base/utf8.def) [24]
(/usr/local/texlive/2017/texmf-dist/tex/latex/base/utf8.def) [25]
(/usr/local/texlive/2017/texmf-dist/tex/latex/base/utf8.def)
(/usr/local/texlive/2017/texmf-dist/tex/latex/base/utf8.def) [26]
(/usr/local/texlive/2017/texmf-dist/tex/latex/base/utf8.def)
(/usr/local/texlive/2017/texmf-dist/tex/latex/base/utf8.def) [27]
Overfull \hbox (35.26862pt too wide) in paragraph at lines 1559--1559
 []\T1/zi4/m/n/9 raxml_file <- system.file("extdata/RAxML", "RAxML_bipartitions
BranchLabels.H3", package="treeio")[] 
(/usr/local/texlive/2017/texmf-dist/tex/latex/base/utf8.def)
(/usr/local/texlive/2017/texmf-dist/tex/latex/base/utf8.def) [28]
(/usr/local/texlive/2017/texmf-dist/tex/latex/base/utf8.def)
(/usr/local/texlive/2017/texmf-dist/tex/latex/base/utf8.def) [29] (./Rd2.ind
[30]

LaTeX Font Warning: Font shape `T1/zi4/m/it' undefined
(Font)              using `T1/zi4/m/n' instead on input line 30.

[31] [32]) (./Rd2.aux)

Package rerunfilecheck Warning: File `Rd2.out' has changed.
(rerunfilecheck)                Rerun to get outlines right
(rerunfilecheck)                or use package `bookmark'.


LaTeX Font Warning: Some font shapes were not available, defaults substituted.

 )
(see the transcript file for additional information){/usr/local/texlive/2017/te
xmf-dist/fonts/enc/dvips/inconsolata/i4-ts1.enc}{/usr/local/texlive/2017/texmf-
dist/fonts/enc/dvips/base/8r.enc}{/usr/local/texlive/2017/texmf-dist/fonts/enc/
dvips/inconsolata/i4-t1-0.enc}</usr/local/texlive/2017/texmf-dist/fonts/type1/p
ublic/inconsolata/Inconsolata-zi4r.pfb></usr/local/texlive/2017/texmf-dist/font
s/type1/public/amsfonts/cm/cmsy10.pfb></usr/local/texlive/2017/texmf-dist/fonts
/type1/urw/helvetic/uhvr8a.pfb></usr/local/texlive/2017/texmf-dist/fonts/type1/
urw/times/utmb8a.pfb></usr/local/texlive/2017/texmf-dist/fonts/type1/urw/times/
utmr8a.pfb></usr/local/texlive/2017/texmf-dist/fonts/type1/urw/times/utmr8a.pfb
></usr/local/texlive/2017/texmf-dist/fonts/type1/urw/times/utmri8a.pfb>
Output written on Rd2.pdf (32 pages, 142254 bytes).
Transcript written on Rd2.log.
This is makeindex, version 2.15 [TeX Live 2017] (kpathsea + Thai support).
Scanning input file Rd2.idx....done (105 entries accepted, 0 rejected).
Sorting entries....done (729 comparisons).
Generating output file Rd2.ind....done (193 lines written, 0 warnings).
Output written in Rd2.ind.
Transcript written in Rd2.ilg.
This is pdfTeX, Version 3.14159265-2.6-1.40.18 (TeX Live 2017) (preloaded format=pdflatex)
 restricted \write18 enabled.
entering extended mode
LaTeX2e <2017-04-15>
Babel <3.10> and hyphenation patterns for 84 language(s) loaded.
(./Rd2.tex
(/usr/local/texlive/2017/texmf-dist/tex/latex/base/book.cls
Document Class: book 2014/09/29 v1.4h Standard LaTeX document class
(/usr/local/texlive/2017/texmf-dist/tex/latex/base/bk10.clo))
(/Library/Frameworks/R.framework/Resources/share/texmf/tex/latex/Rd.sty
(/usr/local/texlive/2017/texmf-dist/tex/latex/base/ifthen.sty)
(/usr/local/texlive/2017/texmf-dist/tex/latex/tools/longtable.sty)
(/usr/local/texlive/2017/texmf-dist/tex/latex/tools/bm.sty)
(/usr/local/texlive/2017/texmf-dist/tex/latex/base/alltt.sty)
(/usr/local/texlive/2017/texmf-dist/tex/latex/tools/verbatim.sty)
(/usr/local/texlive/2017/texmf-dist/tex/latex/url/url.sty)
(/usr/local/texlive/2017/texmf-dist/tex/latex/base/textcomp.sty
(/usr/local/texlive/2017/texmf-dist/tex/latex/base/ts1enc.def))
(/usr/local/texlive/2017/texmf-dist/tex/latex/base/fontenc.sty
(/usr/local/texlive/2017/texmf-dist/tex/latex/base/t1enc.def))
(/usr/local/texlive/2017/texmf-dist/tex/latex/psnfss/times.sty)
(/usr/local/texlive/2017/texmf-dist/tex/latex/inconsolata/zi4.sty
`inconsolata-zi4' v1.112, 2017/01/04 Text macros for Inconsolata (msharpe)
(/usr/local/texlive/2017/texmf-dist/tex/latex/xkeyval/xkeyval.sty
(/usr/local/texlive/2017/texmf-dist/tex/generic/xkeyval/xkeyval.tex
(/usr/local/texlive/2017/texmf-dist/tex/generic/xkeyval/xkvutils.tex
(/usr/local/texlive/2017/texmf-dist/tex/generic/xkeyval/keyval.tex)))))
(/usr/local/texlive/2017/texmf-dist/tex/latex/graphics/color.sty
(/usr/local/texlive/2017/texmf-dist/tex/latex/graphics-cfg/color.cfg)
(/usr/local/texlive/2017/texmf-dist/tex/latex/graphics-def/pdftex.def
(/usr/local/texlive/2017/texmf-dist/tex/generic/oberdiek/infwarerr.sty)
(/usr/local/texlive/2017/texmf-dist/tex/generic/oberdiek/ltxcmds.sty)))
(/usr/local/texlive/2017/texmf-dist/tex/latex/hyperref/hyperref.sty
(/usr/local/texlive/2017/texmf-dist/tex/generic/oberdiek/hobsub-hyperref.sty
(/usr/local/texlive/2017/texmf-dist/tex/generic/oberdiek/hobsub-generic.sty))
(/usr/local/texlive/2017/texmf-dist/tex/generic/ifxetex/ifxetex.sty)
(/usr/local/texlive/2017/texmf-dist/tex/latex/oberdiek/auxhook.sty)
(/usr/local/texlive/2017/texmf-dist/tex/latex/oberdiek/kvoptions.sty)
(/usr/local/texlive/2017/texmf-dist/tex/latex/hyperref/pd1enc.def)
(/usr/local/texlive/2017/texmf-dist/tex/latex/latexconfig/hyperref.cfg))

Package hyperref Message: Driver (autodetected): hpdftex.

(/usr/local/texlive/2017/texmf-dist/tex/latex/hyperref/hpdftex.def
(/usr/local/texlive/2017/texmf-dist/tex/latex/oberdiek/rerunfilecheck.sty))

Package hyperref Warning: Option `hyperindex' has already been used,
(hyperref)                setting the option has no effect on input line 366.


Package hyperref Warning: Option `pagebackref' has already been used,
(hyperref)                setting the option has no effect on input line 366.

) (/usr/local/texlive/2017/texmf-dist/tex/latex/base/makeidx.sty)
(/usr/local/texlive/2017/texmf-dist/tex/latex/base/inputenc.sty
(/usr/local/texlive/2017/texmf-dist/tex/latex/base/utf8.def
(/usr/local/texlive/2017/texmf-dist/tex/latex/base/t1enc.dfu)
(/usr/local/texlive/2017/texmf-dist/tex/latex/base/ot1enc.dfu)
(/usr/local/texlive/2017/texmf-dist/tex/latex/base/omsenc.dfu)
(/usr/local/texlive/2017/texmf-dist/tex/latex/base/ts1enc.dfu)))
Writing index file Rd2.idx
(./Rd2.aux) (/usr/local/texlive/2017/texmf-dist/tex/latex/base/ts1cmr.fd)
(/usr/local/texlive/2017/texmf-dist/tex/latex/psnfss/t1ptm.fd)
(/usr/local/texlive/2017/texmf-dist/tex/context/base/mkii/supp-pdf.mkii
[Loading MPS to PDF converter (version 2006.09.02).]
) (/usr/local/texlive/2017/texmf-dist/tex/latex/hyperref/nameref.sty
(/usr/local/texlive/2017/texmf-dist/tex/generic/oberdiek/gettitlestring.sty))
(./Rd2.out) (./Rd2.out)
(/usr/local/texlive/2017/texmf-dist/tex/latex/base/utf8.def)
(/usr/local/texlive/2017/texmf-dist/tex/latex/inconsolata/t1zi4.fd)
(/usr/local/texlive/2017/texmf-dist/tex/latex/psnfss/t1phv.fd) (./Rd2.toc
[1{/usr/local/texlive/2017/texmf-var/fonts/map/pdftex/updmap/pdftex.map}])
(/usr/local/texlive/2017/texmf-dist/tex/latex/base/utf8.def) [2]
(/usr/local/texlive/2017/texmf-dist/tex/latex/inconsolata/ts1zi4.fd)
(/usr/local/texlive/2017/texmf-dist/tex/latex/base/utf8.def)
(/usr/local/texlive/2017/texmf-dist/tex/latex/base/utf8.def) [3]
(/usr/local/texlive/2017/texmf-dist/tex/latex/base/utf8.def) [4]
(/usr/local/texlive/2017/texmf-dist/tex/latex/base/utf8.def) [5]
(/usr/local/texlive/2017/texmf-dist/tex/latex/base/utf8.def)
(/usr/local/texlive/2017/texmf-dist/tex/latex/base/utf8.def) [6]
(/usr/local/texlive/2017/texmf-dist/tex/latex/base/utf8.def)
(/usr/local/texlive/2017/texmf-dist/tex/latex/base/utf8.def) [7]
(/usr/local/texlive/2017/texmf-dist/tex/latex/base/utf8.def) [8]
(/usr/local/texlive/2017/texmf-dist/tex/latex/base/utf8.def)
(/usr/local/texlive/2017/texmf-dist/tex/latex/base/utf8.def) [9]
(/usr/local/texlive/2017/texmf-dist/tex/latex/base/utf8.def)
Overfull \hbox (2.05765pt too wide) in paragraph at lines 524--526
[]\T1/ptm/m/n/10 supported ob-jects, in-clud-ing phylo, paml_rst, codeml_mlc, c
odeml, jplace, beast,
[10] (/usr/local/texlive/2017/texmf-dist/tex/latex/base/utf8.def)
Overfull \hbox (2.05765pt too wide) in paragraph at lines 581--583
[]\T1/ptm/m/n/10 supported ob-jects, in-clud-ing phylo, paml_rst, codeml_mlc, c
odeml, jplace, beast,
[11] (/usr/local/texlive/2017/texmf-dist/tex/latex/base/utf8.def)
(/usr/local/texlive/2017/texmf-dist/tex/latex/base/utf8.def) [12]
(/usr/local/texlive/2017/texmf-dist/tex/latex/base/utf8.def)
(/usr/local/texlive/2017/texmf-dist/tex/latex/base/utf8.def) [13]
(/usr/local/texlive/2017/texmf-dist/tex/latex/base/utf8.def)
(/usr/local/texlive/2017/texmf-dist/tex/latex/base/utf8.def) [14]
(/usr/local/texlive/2017/texmf-dist/tex/latex/base/utf8.def)
(/usr/local/texlive/2017/texmf-dist/tex/latex/base/utf8.def) [15]
(/usr/local/texlive/2017/texmf-dist/tex/latex/base/utf8.def)
(/usr/local/texlive/2017/texmf-dist/tex/latex/base/utf8.def) [16]
(/usr/local/texlive/2017/texmf-dist/tex/latex/base/utf8.def)
(/usr/local/texlive/2017/texmf-dist/tex/latex/base/utf8.def) [17]
(/usr/local/texlive/2017/texmf-dist/tex/latex/base/utf8.def)
(/usr/local/texlive/2017/texmf-dist/tex/latex/base/utf8.def) [18]
(/usr/local/texlive/2017/texmf-dist/tex/latex/base/utf8.def)
(/usr/local/texlive/2017/texmf-dist/tex/latex/base/utf8.def) [19]
(/usr/local/texlive/2017/texmf-dist/tex/latex/base/utf8.def) [20]
(/usr/local/texlive/2017/texmf-dist/tex/latex/base/utf8.def)
(/usr/local/texlive/2017/texmf-dist/tex/latex/base/utf8.def) [21]
(/usr/local/texlive/2017/texmf-dist/tex/latex/base/utf8.def) [22]
(/usr/local/texlive/2017/texmf-dist/tex/latex/base/utf8.def)
(/usr/local/texlive/2017/texmf-dist/tex/latex/base/utf8.def) [23]
(/usr/local/texlive/2017/texmf-dist/tex/latex/base/utf8.def)
(/usr/local/texlive/2017/texmf-dist/tex/latex/base/utf8.def) [24]
(/usr/local/texlive/2017/texmf-dist/tex/latex/base/utf8.def) [25]
(/usr/local/texlive/2017/texmf-dist/tex/latex/base/utf8.def)
(/usr/local/texlive/2017/texmf-dist/tex/latex/base/utf8.def) [26]
(/usr/local/texlive/2017/texmf-dist/tex/latex/base/utf8.def)
(/usr/local/texlive/2017/texmf-dist/tex/latex/base/utf8.def) [27]
Overfull \hbox (35.26862pt too wide) in paragraph at lines 1559--1559
 []\T1/zi4/m/n/9 raxml_file <- system.file("extdata/RAxML", "RAxML_bipartitions
BranchLabels.H3", package="treeio")[] 
(/usr/local/texlive/2017/texmf-dist/tex/latex/base/utf8.def)
(/usr/local/texlive/2017/texmf-dist/tex/latex/base/utf8.def) [28]
(/usr/local/texlive/2017/texmf-dist/tex/latex/base/utf8.def)
(/usr/local/texlive/2017/texmf-dist/tex/latex/base/utf8.def) [29] (./Rd2.ind
[30]

LaTeX Font Warning: Font shape `T1/zi4/m/it' undefined
(Font)              using `T1/zi4/m/n' instead on input line 30.

[31] [32]) (./Rd2.aux)

LaTeX Font Warning: Some font shapes were not available, defaults substituted.

 )
(see the transcript file for additional information){/usr/local/texlive/2017/te
xmf-dist/fonts/enc/dvips/inconsolata/i4-ts1.enc}{/usr/local/texlive/2017/texmf-
dist/fonts/enc/dvips/base/8r.enc}{/usr/local/texlive/2017/texmf-dist/fonts/enc/
dvips/inconsolata/i4-t1-0.enc}</usr/local/texlive/2017/texmf-dist/fonts/type1/p
ublic/inconsolata/Inconsolata-zi4r.pfb></usr/local/texlive/2017/texmf-dist/font
s/type1/public/amsfonts/cm/cmsy10.pfb></usr/local/texlive/2017/texmf-dist/fonts
/type1/urw/helvetic/uhvr8a.pfb></usr/local/texlive/2017/texmf-dist/fonts/type1/
urw/times/utmb8a.pfb></usr/local/texlive/2017/texmf-dist/fonts/type1/urw/times/
utmr8a.pfb></usr/local/texlive/2017/texmf-dist/fonts/type1/urw/times/utmr8a.pfb
></usr/local/texlive/2017/texmf-dist/fonts/type1/urw/times/utmri8a.pfb>
Output written on Rd2.pdf (32 pages, 143057 bytes).
Transcript written on Rd2.log.
Saving output to ‘treeio-manual.pdf’ ...
Done
You may want to clean up by 'rm -rf /var/folders/zy/t6vrjxss73s4wc07dp52z6680000gn/T//RtmpIlIgTL/Rd2pdf496d7bc67cc1'
